<?xml version="1.0" encoding="UTF-8"?>
<!-- Generated by org.testng.reporters.JUnitReportReporter -->
<testsuite hostname="Karthikas-Air" failures="0" tests="12" name="testrunner.Mytestrunner" time="148.695" errors="0" timestamp="2024-07-07T15:29:51 PDT" skipped="0">
  <testcase classname="testrunner.Mytestrunner" name="runScenario" time="13.116"/>
  <testcase classname="testrunner.Mytestrunner" name="runScenario" time="5.907"/>
  <testcase classname="testrunner.Mytestrunner" name="runScenario" time="13.528"/>
  <testcase classname="testrunner.Mytestrunner" name="runScenario" time="14.914"/>
  <testcase classname="testrunner.Mytestrunner" name="runScenario" time="13.556"/>
  <testcase classname="testrunner.Mytestrunner" name="runScenario" time="13.116"/>
  <testcase classname="testrunner.Mytestrunner" name="runScenario" time="13.705"/>
  <testcase classname="testrunner.Mytestrunner" name="runScenario" time="5.896"/>
  <testcase classname="testrunner.Mytestrunner" name="runScenario" time="15.181"/>
  <testcase classname="testrunner.Mytestrunner" name="runScenario" time="13.115"/>
  <testcase classname="testrunner.Mytestrunner" name="runScenario" time="13.552"/>
  <testcase classname="testrunner.Mytestrunner" name="runScenario" time="13.109"/>
</testsuite> <!-- testrunner.Mytestrunner -->
