<?xml version="1.0" encoding="UTF-8"?>
<!-- Generated by org.testng.reporters.JUnitReportReporter -->
<testsuite hostname="Karthikas-Air" failures="0" tests="6" name="testrunner.Mytestrunner" time="44.407" errors="0" timestamp="2024-07-06T19:35:38 PDT" skipped="0">
  <testcase classname="testrunner.Mytestrunner" name="runScenario" time="5.937"/>
  <testcase classname="testrunner.Mytestrunner" name="runScenario" time="8.609"/>
  <testcase classname="testrunner.Mytestrunner" name="runScenario" time="8.822"/>
  <testcase classname="testrunner.Mytestrunner" name="runScenario" time="5.936"/>
  <testcase classname="testrunner.Mytestrunner" name="runScenario" time="6.448"/>
  <testcase classname="testrunner.Mytestrunner" name="runScenario" time="8.655"/>
</testsuite> <!-- testrunner.Mytestrunner -->
