<?xml version="1.0" encoding="UTF-8"?>
<!-- Generated by org.testng.reporters.JUnitReportReporter -->
<testsuite hostname="Karthikas-Air" failures="0" tests="6" name="testrunner.Mytestrunner" time="44.856" errors="0" timestamp="2024-07-06T19:23:53 PDT" skipped="0">
  <testcase classname="testrunner.Mytestrunner" name="runScenario" time="9.164"/>
  <testcase classname="testrunner.Mytestrunner" name="runScenario" time="9.000"/>
  <testcase classname="testrunner.Mytestrunner" name="runScenario" time="5.782"/>
  <testcase classname="testrunner.Mytestrunner" name="runScenario" time="5.775"/>
  <testcase classname="testrunner.Mytestrunner" name="runScenario" time="8.947"/>
  <testcase classname="testrunner.Mytestrunner" name="runScenario" time="6.188"/>
</testsuite> <!-- testrunner.Mytestrunner -->
