<?xml version="1.0" encoding="UTF-8"?>
<!-- Generated by org.testng.reporters.JUnitReportReporter -->
<testsuite hostname="Karthikas-Air" failures="0" tests="2" name="testrunner.Mytestrunner" time="17.178" errors="0" timestamp="2024-07-04T17:15:08 PDT" skipped="0">
  <testcase classname="testrunner.Mytestrunner" name="runScenario" time="8.568"/>
  <testcase classname="testrunner.Mytestrunner" name="runScenario" time="8.610"/>
</testsuite> <!-- testrunner.Mytestrunner -->
